{"/app/src/static/script.js": {"path":"/app/src/static/script.js","statementMap":{"0":{"start":{"line":16,"column":0},"end":{"line":519,"column":3}},"1":{"start":{"line":17,"column":4},"end":{"line":17,"column":47}},"2":{"start":{"line":21,"column":32},"end":{"line":21,"column":79}},"3":{"start":{"line":22,"column":25},"end":{"line":22,"column":65}},"4":{"start":{"line":23,"column":25},"end":{"line":23,"column":65}},"5":{"start":{"line":24,"column":34},"end":{"line":24,"column":73}},"6":{"start":{"line":25,"column":28},"end":{"line":25,"column":72}},"7":{"start":{"line":26,"column":29},"end":{"line":26,"column":69}},"8":{"start":{"line":27,"column":31},"end":{"line":27,"column":73}},"9":{"start":{"line":28,"column":29},"end":{"line":28,"column":69}},"10":{"start":{"line":29,"column":26},"end":{"line":29,"column":67}},"11":{"start":{"line":33,"column":26},"end":{"line":33,"column":57}},"12":{"start":{"line":34,"column":4},"end":{"line":72,"column":6}},"13":{"start":{"line":73,"column":4},"end":{"line":73,"column":45}},"14":{"start":{"line":75,"column":4},"end":{"line":75,"column":42}},"15":{"start":{"line":79,"column":28},"end":{"line":79,"column":30}},"16":{"start":{"line":80,"column":23},"end":{"line":80,"column":24}},"17":{"start":{"line":81,"column":25},"end":{"line":81,"column":26}},"18":{"start":{"line":82,"column":23},"end":{"line":82,"column":24}},"19":{"start":{"line":83,"column":25},"end":{"line":83,"column":30}},"20":{"start":{"line":84,"column":22},"end":{"line":84,"column":26}},"21":{"start":{"line":86,"column":4},"end":{"line":86,"column":42}},"22":{"start":{"line":96,"column":8},"end":{"line":96,"column":64}},"23":{"start":{"line":99,"column":8},"end":{"line":102,"column":9}},"24":{"start":{"line":100,"column":12},"end":{"line":100,"column":60}},"25":{"start":{"line":101,"column":12},"end":{"line":101,"column":32}},"26":{"start":{"line":105,"column":24},"end":{"line":107,"column":16}},"27":{"start":{"line":110,"column":8},"end":{"line":110,"column":68}},"28":{"start":{"line":113,"column":8},"end":{"line":125,"column":10}},"29":{"start":{"line":114,"column":12},"end":{"line":114,"column":63}},"30":{"start":{"line":118,"column":12},"end":{"line":118,"column":35}},"31":{"start":{"line":119,"column":12},"end":{"line":119,"column":49}},"32":{"start":{"line":120,"column":12},"end":{"line":120,"column":52}},"33":{"start":{"line":121,"column":12},"end":{"line":121,"column":50}},"34":{"start":{"line":122,"column":12},"end":{"line":122,"column":91}},"35":{"start":{"line":123,"column":12},"end":{"line":123,"column":34}},"36":{"start":{"line":124,"column":12},"end":{"line":124,"column":87}},"37":{"start":{"line":128,"column":8},"end":{"line":150,"column":10}},"38":{"start":{"line":129,"column":12},"end":{"line":129,"column":61}},"39":{"start":{"line":130,"column":12},"end":{"line":149,"column":13}},"40":{"start":{"line":132,"column":29},"end":{"line":132,"column":51}},"41":{"start":{"line":135,"column":16},"end":{"line":144,"column":17}},"42":{"start":{"line":137,"column":20},"end":{"line":137,"column":53}},"43":{"start":{"line":138,"column":23},"end":{"line":144,"column":17}},"44":{"start":{"line":140,"column":20},"end":{"line":140,"column":52}},"45":{"start":{"line":143,"column":20},"end":{"line":143,"column":82}},"46":{"start":{"line":147,"column":16},"end":{"line":147,"column":92}},"47":{"start":{"line":148,"column":16},"end":{"line":148,"column":72}},"48":{"start":{"line":153,"column":8},"end":{"line":159,"column":10}},"49":{"start":{"line":154,"column":12},"end":{"line":154,"column":58}},"50":{"start":{"line":155,"column":12},"end":{"line":156,"column":135}},"51":{"start":{"line":157,"column":12},"end":{"line":157,"column":35}},"52":{"start":{"line":158,"column":12},"end":{"line":158,"column":49}},"53":{"start":{"line":158,"column":29},"end":{"line":158,"column":49}},"54":{"start":{"line":167,"column":8},"end":{"line":167,"column":60}},"55":{"start":{"line":168,"column":8},"end":{"line":173,"column":10}},"56":{"start":{"line":181,"column":8},"end":{"line":181,"column":59}},"57":{"start":{"line":190,"column":8},"end":{"line":190,"column":59}},"58":{"start":{"line":193,"column":8},"end":{"line":193,"column":45}},"59":{"start":{"line":194,"column":8},"end":{"line":194,"column":48}},"60":{"start":{"line":195,"column":8},"end":{"line":195,"column":46}},"61":{"start":{"line":196,"column":8},"end":{"line":196,"column":87}},"62":{"start":{"line":197,"column":8},"end":{"line":197,"column":30}},"63":{"start":{"line":200,"column":8},"end":{"line":200,"column":31}},"64":{"start":{"line":203,"column":8},"end":{"line":220,"column":15}},"65":{"start":{"line":206,"column":16},"end":{"line":211,"column":17}},"66":{"start":{"line":207,"column":20},"end":{"line":207,"column":87}},"67":{"start":{"line":208,"column":20},"end":{"line":210,"column":22}},"68":{"start":{"line":216,"column":16},"end":{"line":216,"column":68}},"69":{"start":{"line":217,"column":16},"end":{"line":219,"column":18}},"70":{"start":{"line":230,"column":8},"end":{"line":230,"column":56}},"71":{"start":{"line":233,"column":8},"end":{"line":233,"column":31}},"72":{"start":{"line":236,"column":8},"end":{"line":240,"column":9}},"73":{"start":{"line":237,"column":12},"end":{"line":237,"column":75}},"74":{"start":{"line":238,"column":12},"end":{"line":238,"column":74}},"75":{"start":{"line":239,"column":12},"end":{"line":239,"column":19}},"76":{"start":{"line":243,"column":8},"end":{"line":243,"column":44}},"77":{"start":{"line":244,"column":8},"end":{"line":244,"column":28}},"78":{"start":{"line":254,"column":8},"end":{"line":254,"column":62}},"79":{"start":{"line":257,"column":8},"end":{"line":257,"column":31}},"80":{"start":{"line":260,"column":8},"end":{"line":261,"column":127}},"81":{"start":{"line":262,"column":8},"end":{"line":262,"column":31}},"82":{"start":{"line":271,"column":8},"end":{"line":271,"column":65}},"83":{"start":{"line":274,"column":8},"end":{"line":274,"column":43}},"84":{"start":{"line":277,"column":8},"end":{"line":277,"column":96}},"85":{"start":{"line":277,"column":75},"end":{"line":277,"column":94}},"86":{"start":{"line":278,"column":8},"end":{"line":278,"column":88}},"87":{"start":{"line":281,"column":8},"end":{"line":320,"column":11}},"88":{"start":{"line":283,"column":36},"end":{"line":283,"column":65}},"89":{"start":{"line":284,"column":12},"end":{"line":284,"column":65}},"90":{"start":{"line":285,"column":12},"end":{"line":285,"column":56}},"91":{"start":{"line":288,"column":27},"end":{"line":288,"column":59}},"92":{"start":{"line":289,"column":12},"end":{"line":289,"column":53}},"93":{"start":{"line":290,"column":12},"end":{"line":290,"column":48}},"94":{"start":{"line":291,"column":12},"end":{"line":291,"column":58}},"95":{"start":{"line":292,"column":12},"end":{"line":292,"column":67}},"96":{"start":{"line":295,"column":28},"end":{"line":295,"column":57}},"97":{"start":{"line":296,"column":12},"end":{"line":296,"column":55}},"98":{"start":{"line":297,"column":12},"end":{"line":297,"column":48}},"99":{"start":{"line":298,"column":12},"end":{"line":298,"column":36}},"100":{"start":{"line":299,"column":12},"end":{"line":299,"column":37}},"101":{"start":{"line":300,"column":12},"end":{"line":300,"column":41}},"102":{"start":{"line":301,"column":12},"end":{"line":301,"column":42}},"103":{"start":{"line":302,"column":12},"end":{"line":302,"column":43}},"104":{"start":{"line":303,"column":12},"end":{"line":303,"column":52}},"105":{"start":{"line":304,"column":12},"end":{"line":304,"column":48}},"106":{"start":{"line":305,"column":12},"end":{"line":305,"column":47}},"107":{"start":{"line":306,"column":12},"end":{"line":306,"column":40}},"108":{"start":{"line":307,"column":12},"end":{"line":307,"column":59}},"109":{"start":{"line":308,"column":12},"end":{"line":308,"column":49}},"110":{"start":{"line":309,"column":12},"end":{"line":309,"column":39}},"111":{"start":{"line":310,"column":12},"end":{"line":310,"column":54}},"112":{"start":{"line":311,"column":12},"end":{"line":311,"column":60}},"113":{"start":{"line":312,"column":12},"end":{"line":312,"column":45}},"114":{"start":{"line":313,"column":12},"end":{"line":313,"column":58}},"115":{"start":{"line":314,"column":12},"end":{"line":314,"column":74}},"116":{"start":{"line":317,"column":12},"end":{"line":317,"column":48}},"117":{"start":{"line":318,"column":12},"end":{"line":318,"column":49}},"118":{"start":{"line":319,"column":12},"end":{"line":319,"column":61}},"119":{"start":{"line":321,"column":8},"end":{"line":321,"column":55}},"120":{"start":{"line":332,"column":24},"end":{"line":332,"column":76}},"121":{"start":{"line":333,"column":25},"end":{"line":333,"column":72}},"122":{"start":{"line":334,"column":8},"end":{"line":334,"column":61}},"123":{"start":{"line":337,"column":8},"end":{"line":337,"column":44}},"124":{"start":{"line":340,"column":8},"end":{"line":340,"column":43}},"125":{"start":{"line":343,"column":8},"end":{"line":346,"column":11}},"126":{"start":{"line":344,"column":12},"end":{"line":344,"column":53}},"127":{"start":{"line":345,"column":12},"end":{"line":345,"column":62}},"128":{"start":{"line":349,"column":8},"end":{"line":353,"column":17}},"129":{"start":{"line":350,"column":12},"end":{"line":350,"column":55}},"130":{"start":{"line":351,"column":12},"end":{"line":351,"column":50}},"131":{"start":{"line":352,"column":12},"end":{"line":352,"column":62}},"132":{"start":{"line":365,"column":26},"end":{"line":365,"column":46}},"133":{"start":{"line":366,"column":24},"end":{"line":366,"column":69}},"134":{"start":{"line":369,"column":8},"end":{"line":369,"column":64}},"135":{"start":{"line":370,"column":8},"end":{"line":370,"column":89}},"136":{"start":{"line":373,"column":8},"end":{"line":377,"column":9}},"137":{"start":{"line":374,"column":12},"end":{"line":374,"column":70}},"138":{"start":{"line":376,"column":12},"end":{"line":376,"column":70}},"139":{"start":{"line":380,"column":8},"end":{"line":380,"column":36}},"140":{"start":{"line":390,"column":8},"end":{"line":390,"column":75}},"141":{"start":{"line":393,"column":8},"end":{"line":396,"column":9}},"142":{"start":{"line":394,"column":12},"end":{"line":394,"column":85}},"143":{"start":{"line":395,"column":12},"end":{"line":395,"column":19}},"144":{"start":{"line":399,"column":8},"end":{"line":399,"column":31}},"145":{"start":{"line":400,"column":8},"end":{"line":400,"column":23}},"146":{"start":{"line":401,"column":8},"end":{"line":401,"column":52}},"147":{"start":{"line":404,"column":31},"end":{"line":404,"column":43}},"148":{"start":{"line":405,"column":29},"end":{"line":405,"column":65}},"149":{"start":{"line":406,"column":34},"end":{"line":406,"column":86}},"150":{"start":{"line":406,"column":62},"end":{"line":406,"column":85}},"151":{"start":{"line":408,"column":8},"end":{"line":411,"column":9}},"152":{"start":{"line":409,"column":12},"end":{"line":409,"column":92}},"153":{"start":{"line":410,"column":12},"end":{"line":410,"column":19}},"154":{"start":{"line":412,"column":8},"end":{"line":412,"column":69}},"155":{"start":{"line":415,"column":8},"end":{"line":422,"column":11}},"156":{"start":{"line":416,"column":12},"end":{"line":416,"column":32}},"157":{"start":{"line":417,"column":12},"end":{"line":417,"column":41}},"158":{"start":{"line":418,"column":12},"end":{"line":421,"column":13}},"159":{"start":{"line":419,"column":16},"end":{"line":419,"column":46}},"160":{"start":{"line":420,"column":16},"end":{"line":420,"column":61}},"161":{"start":{"line":423,"column":8},"end":{"line":423,"column":55}},"162":{"start":{"line":426,"column":25},"end":{"line":426,"column":30}},"163":{"start":{"line":427,"column":8},"end":{"line":441,"column":9}},"164":{"start":{"line":429,"column":12},"end":{"line":429,"column":42}},"165":{"start":{"line":430,"column":12},"end":{"line":430,"column":69}},"166":{"start":{"line":431,"column":12},"end":{"line":431,"column":47}},"167":{"start":{"line":432,"column":12},"end":{"line":432,"column":27}},"168":{"start":{"line":433,"column":12},"end":{"line":433,"column":30}},"169":{"start":{"line":436,"column":12},"end":{"line":436,"column":44}},"170":{"start":{"line":437,"column":12},"end":{"line":437,"column":76}},"171":{"start":{"line":438,"column":12},"end":{"line":438,"column":49}},"172":{"start":{"line":439,"column":12},"end":{"line":439,"column":29}},"173":{"start":{"line":440,"column":12},"end":{"line":440,"column":31}},"174":{"start":{"line":444,"column":8},"end":{"line":444,"column":58}},"175":{"start":{"line":447,"column":8},"end":{"line":456,"column":11}},"176":{"start":{"line":448,"column":12},"end":{"line":455,"column":13}},"177":{"start":{"line":449,"column":32},"end":{"line":449,"column":57}},"178":{"start":{"line":450,"column":34},"end":{"line":450,"column":81}},"179":{"start":{"line":450,"column":62},"end":{"line":450,"column":80}},"180":{"start":{"line":451,"column":16},"end":{"line":454,"column":17}},"181":{"start":{"line":453,"column":20},"end":{"line":453,"column":53}},"182":{"start":{"line":459,"column":8},"end":{"line":459,"column":41}},"183":{"start":{"line":462,"column":8},"end":{"line":462,"column":30}},"184":{"start":{"line":463,"column":8},"end":{"line":463,"column":27}},"185":{"start":{"line":466,"column":8},"end":{"line":466,"column":48}},"186":{"start":{"line":467,"column":8},"end":{"line":467,"column":51}},"187":{"start":{"line":468,"column":8},"end":{"line":468,"column":65}},"188":{"start":{"line":476,"column":8},"end":{"line":476,"column":48}},"189":{"start":{"line":477,"column":8},"end":{"line":477,"column":45}},"190":{"start":{"line":480,"column":8},"end":{"line":489,"column":11}},"191":{"start":{"line":481,"column":22},"end":{"line":481,"column":49}},"192":{"start":{"line":482,"column":37},"end":{"line":482,"column":95}},"193":{"start":{"line":483,"column":25},"end":{"line":483,"column":58}},"194":{"start":{"line":486,"column":12},"end":{"line":486,"column":46}},"195":{"start":{"line":487,"column":12},"end":{"line":487,"column":109}},"196":{"start":{"line":488,"column":12},"end":{"line":488,"column":49}},"197":{"start":{"line":497,"column":8},"end":{"line":497,"column":121}},"198":{"start":{"line":498,"column":8},"end":{"line":498,"column":52}},"199":{"start":{"line":499,"column":8},"end":{"line":499,"column":56}},"200":{"start":{"line":500,"column":8},"end":{"line":500,"column":52}},"201":{"start":{"line":506,"column":4},"end":{"line":509,"column":7}},"202":{"start":{"line":507,"column":8},"end":{"line":507,"column":50}},"203":{"start":{"line":508,"column":8},"end":{"line":508,"column":26}},"204":{"start":{"line":512,"column":4},"end":{"line":512,"column":48}},"205":{"start":{"line":515,"column":4},"end":{"line":515,"column":27}},"206":{"start":{"line":518,"column":4},"end":{"line":518,"column":17}}},"fnMap":{"0":{"name":"(anonymous_0)","decl":{"start":{"line":16,"column":46},"end":{"line":16,"column":47}},"loc":{"start":{"line":16,"column":52},"end":{"line":519,"column":1}},"line":16},"1":{"name":"connectSSE","decl":{"start":{"line":95,"column":13},"end":{"line":95,"column":23}},"loc":{"start":{"line":95,"column":26},"end":{"line":160,"column":5}},"line":95},"2":{"name":"(anonymous_2)","decl":{"start":{"line":113,"column":29},"end":{"line":113,"column":30}},"loc":{"start":{"line":113,"column":40},"end":{"line":125,"column":9}},"line":113},"3":{"name":"(anonymous_3)","decl":{"start":{"line":128,"column":32},"end":{"line":128,"column":33}},"loc":{"start":{"line":128,"column":48},"end":{"line":150,"column":9}},"line":128},"4":{"name":"(anonymous_4)","decl":{"start":{"line":153,"column":30},"end":{"line":153,"column":31}},"loc":{"start":{"line":153,"column":46},"end":{"line":159,"column":9}},"line":153},"5":{"name":"showLoadingIndicator","decl":{"start":{"line":166,"column":13},"end":{"line":166,"column":33}},"loc":{"start":{"line":166,"column":36},"end":{"line":174,"column":5}},"line":166},"6":{"name":"hideLoadingIndicator","decl":{"start":{"line":180,"column":13},"end":{"line":180,"column":33}},"loc":{"start":{"line":180,"column":36},"end":{"line":183,"column":5}},"line":180},"7":{"name":"requestNewRound","decl":{"start":{"line":189,"column":13},"end":{"line":189,"column":28}},"loc":{"start":{"line":189,"column":31},"end":{"line":221,"column":5}},"line":189},"8":{"name":"(anonymous_8)","decl":{"start":{"line":204,"column":18},"end":{"line":204,"column":19}},"loc":{"start":{"line":204,"column":30},"end":{"line":213,"column":13}},"line":204},"9":{"name":"(anonymous_9)","decl":{"start":{"line":214,"column":19},"end":{"line":214,"column":20}},"loc":{"start":{"line":214,"column":28},"end":{"line":220,"column":13}},"line":214},"10":{"name":"handleNewRoundData","decl":{"start":{"line":229,"column":13},"end":{"line":229,"column":31}},"loc":{"start":{"line":229,"column":38},"end":{"line":245,"column":5}},"line":229},"11":{"name":"handleServerError","decl":{"start":{"line":253,"column":13},"end":{"line":253,"column":30}},"loc":{"start":{"line":253,"column":45},"end":{"line":263,"column":5}},"line":253},"12":{"name":"displayStatements","decl":{"start":{"line":270,"column":13},"end":{"line":270,"column":30}},"loc":{"start":{"line":270,"column":33},"end":{"line":322,"column":5}},"line":270},"13":{"name":"(anonymous_13)","decl":{"start":{"line":277,"column":69},"end":{"line":277,"column":70}},"loc":{"start":{"line":277,"column":75},"end":{"line":277,"column":94}},"line":277},"14":{"name":"(anonymous_14)","decl":{"start":{"line":281,"column":47},"end":{"line":281,"column":48}},"loc":{"start":{"line":281,"column":62},"end":{"line":320,"column":9}},"line":281},"15":{"name":"triggerFlashFeedback","decl":{"start":{"line":330,"column":13},"end":{"line":330,"column":33}},"loc":{"start":{"line":330,"column":45},"end":{"line":354,"column":5}},"line":330},"16":{"name":"(anonymous_16)","decl":{"start":{"line":343,"column":30},"end":{"line":343,"column":31}},"loc":{"start":{"line":343,"column":36},"end":{"line":346,"column":9}},"line":343},"17":{"name":"(anonymous_17)","decl":{"start":{"line":349,"column":19},"end":{"line":349,"column":20}},"loc":{"start":{"line":349,"column":25},"end":{"line":353,"column":9}},"line":349},"18":{"name":"showStatementFeedback","decl":{"start":{"line":363,"column":13},"end":{"line":363,"column":34}},"loc":{"start":{"line":363,"column":54},"end":{"line":381,"column":5}},"line":363},"19":{"name":"handleStatementClick","decl":{"start":{"line":389,"column":13},"end":{"line":389,"column":33}},"loc":{"start":{"line":389,"column":41},"end":{"line":469,"column":5}},"line":389},"20":{"name":"(anonymous_20)","decl":{"start":{"line":406,"column":57},"end":{"line":406,"column":58}},"loc":{"start":{"line":406,"column":62},"end":{"line":406,"column":85}},"line":406},"21":{"name":"(anonymous_21)","decl":{"start":{"line":415,"column":63},"end":{"line":415,"column":64}},"loc":{"start":{"line":415,"column":70},"end":{"line":422,"column":9}},"line":415},"22":{"name":"(anonymous_22)","decl":{"start":{"line":447,"column":63},"end":{"line":447,"column":64}},"loc":{"start":{"line":447,"column":70},"end":{"line":456,"column":9}},"line":447},"23":{"name":"(anonymous_23)","decl":{"start":{"line":450,"column":57},"end":{"line":450,"column":58}},"loc":{"start":{"line":450,"column":62},"end":{"line":450,"column":80}},"line":450},"24":{"name":"displayExplanations","decl":{"start":{"line":475,"column":13},"end":{"line":475,"column":32}},"loc":{"start":{"line":475,"column":35},"end":{"line":490,"column":5}},"line":475},"25":{"name":"(anonymous_25)","decl":{"start":{"line":480,"column":47},"end":{"line":480,"column":48}},"loc":{"start":{"line":480,"column":60},"end":{"line":489,"column":9}},"line":480},"26":{"name":"updateScoreboard","decl":{"start":{"line":496,"column":13},"end":{"line":496,"column":29}},"loc":{"start":{"line":496,"column":32},"end":{"line":501,"column":5}},"line":496},"27":{"name":"(anonymous_27)","decl":{"start":{"line":506,"column":46},"end":{"line":506,"column":47}},"loc":{"start":{"line":506,"column":52},"end":{"line":509,"column":5}},"line":506}},"branchMap":{"0":{"loc":{"start":{"line":99,"column":8},"end":{"line":102,"column":9}},"type":"if","locations":[{"start":{"line":99,"column":8},"end":{"line":102,"column":9}},{"start":{},"end":{}}],"line":99},"1":{"loc":{"start":{"line":105,"column":24},"end":{"line":107,"column":16}},"type":"cond-expr","locations":[{"start":{"line":106,"column":14},"end":{"line":106,"column":55}},{"start":{"line":107,"column":14},"end":{"line":107,"column":16}}],"line":105},"2":{"loc":{"start":{"line":105,"column":24},"end":{"line":105,"column":108}},"type":"binary-expr","locations":[{"start":{"line":105,"column":24},"end":{"line":105,"column":64}},{"start":{"line":105,"column":68},"end":{"line":105,"column":108}}],"line":105},"3":{"loc":{"start":{"line":135,"column":16},"end":{"line":144,"column":17}},"type":"if","locations":[{"start":{"line":135,"column":16},"end":{"line":144,"column":17}},{"start":{"line":138,"column":23},"end":{"line":144,"column":17}}],"line":135},"4":{"loc":{"start":{"line":138,"column":23},"end":{"line":144,"column":17}},"type":"if","locations":[{"start":{"line":138,"column":23},"end":{"line":144,"column":17}},{"start":{"line":141,"column":23},"end":{"line":144,"column":17}}],"line":138},"5":{"loc":{"start":{"line":158,"column":12},"end":{"line":158,"column":49}},"type":"if","locations":[{"start":{"line":158,"column":12},"end":{"line":158,"column":49}},{"start":{},"end":{}}],"line":158},"6":{"loc":{"start":{"line":206,"column":16},"end":{"line":211,"column":17}},"type":"if","locations":[{"start":{"line":206,"column":16},"end":{"line":211,"column":17}},{"start":{},"end":{}}],"line":206},"7":{"loc":{"start":{"line":236,"column":8},"end":{"line":240,"column":9}},"type":"if","locations":[{"start":{"line":236,"column":8},"end":{"line":240,"column":9}},{"start":{},"end":{}}],"line":236},"8":{"loc":{"start":{"line":236,"column":12},"end":{"line":236,"column":60}},"type":"binary-expr","locations":[{"start":{"line":236,"column":12},"end":{"line":236,"column":28}},{"start":{"line":236,"column":32},"end":{"line":236,"column":60}}],"line":236},"9":{"loc":{"start":{"line":332,"column":24},"end":{"line":332,"column":76}},"type":"cond-expr","locations":[{"start":{"line":332,"column":36},"end":{"line":332,"column":55}},{"start":{"line":332,"column":58},"end":{"line":332,"column":76}}],"line":332},"10":{"loc":{"start":{"line":333,"column":25},"end":{"line":333,"column":72}},"type":"cond-expr","locations":[{"start":{"line":333,"column":37},"end":{"line":333,"column":52}},{"start":{"line":333,"column":55},"end":{"line":333,"column":72}}],"line":333},"11":{"loc":{"start":{"line":369,"column":30},"end":{"line":369,"column":63}},"type":"cond-expr","locations":[{"start":{"line":369,"column":42},"end":{"line":369,"column":52}},{"start":{"line":369,"column":55},"end":{"line":369,"column":63}}],"line":369},"12":{"loc":{"start":{"line":370,"column":52},"end":{"line":370,"column":87}},"type":"cond-expr","locations":[{"start":{"line":370,"column":64},"end":{"line":370,"column":73}},{"start":{"line":370,"column":76},"end":{"line":370,"column":87}}],"line":370},"13":{"loc":{"start":{"line":373,"column":8},"end":{"line":377,"column":9}},"type":"if","locations":[{"start":{"line":373,"column":8},"end":{"line":377,"column":9}},{"start":{"line":375,"column":15},"end":{"line":377,"column":9}}],"line":373},"14":{"loc":{"start":{"line":393,"column":8},"end":{"line":396,"column":9}},"type":"if","locations":[{"start":{"line":393,"column":8},"end":{"line":396,"column":9}},{"start":{},"end":{}}],"line":393},"15":{"loc":{"start":{"line":408,"column":8},"end":{"line":411,"column":9}},"type":"if","locations":[{"start":{"line":408,"column":8},"end":{"line":411,"column":9}},{"start":{},"end":{}}],"line":408},"16":{"loc":{"start":{"line":418,"column":12},"end":{"line":421,"column":13}},"type":"if","locations":[{"start":{"line":418,"column":12},"end":{"line":421,"column":13}},{"start":{},"end":{}}],"line":418},"17":{"loc":{"start":{"line":427,"column":8},"end":{"line":441,"column":9}},"type":"if","locations":[{"start":{"line":427,"column":8},"end":{"line":441,"column":9}},{"start":{"line":434,"column":15},"end":{"line":441,"column":9}}],"line":427},"18":{"loc":{"start":{"line":448,"column":12},"end":{"line":455,"column":13}},"type":"if","locations":[{"start":{"line":448,"column":12},"end":{"line":455,"column":13}},{"start":{},"end":{}}],"line":448},"19":{"loc":{"start":{"line":451,"column":16},"end":{"line":454,"column":17}},"type":"if","locations":[{"start":{"line":451,"column":16},"end":{"line":454,"column":17}},{"start":{},"end":{}}],"line":451},"20":{"loc":{"start":{"line":451,"column":20},"end":{"line":451,"column":48}},"type":"binary-expr","locations":[{"start":{"line":451,"column":20},"end":{"line":451,"column":29}},{"start":{"line":451,"column":33},"end":{"line":451,"column":48}}],"line":451},"21":{"loc":{"start":{"line":482,"column":37},"end":{"line":482,"column":95}},"type":"cond-expr","locations":[{"start":{"line":482,"column":55},"end":{"line":482,"column":74}},{"start":{"line":482,"column":77},"end":{"line":482,"column":95}}],"line":482},"22":{"loc":{"start":{"line":483,"column":25},"end":{"line":483,"column":58}},"type":"cond-expr","locations":[{"start":{"line":483,"column":43},"end":{"line":483,"column":48}},{"start":{"line":483,"column":51},"end":{"line":483,"column":58}}],"line":483}},"s":{"0":1,"1":0,"2":0,"3":0,"4":0,"5":0,"6":0,"7":0,"8":0,"9":0,"10":0,"11":0,"12":0,"13":0,"14":0,"15":0,"16":0,"17":0,"18":0,"19":0,"20":0,"21":0,"22":0,"23":0,"24":0,"25":0,"26":0,"27":0,"28":0,"29":0,"30":0,"31":0,"32":0,"33":0,"34":0,"35":0,"36":0,"37":0,"38":0,"39":0,"40":0,"41":0,"42":0,"43":0,"44":0,"45":0,"46":0,"47":0,"48":0,"49":0,"50":0,"51":0,"52":0,"53":0,"54":0,"55":0,"56":0,"57":0,"58":0,"59":0,"60":0,"61":0,"62":0,"63":0,"64":0,"65":0,"66":0,"67":0,"68":0,"69":0,"70":0,"71":0,"72":0,"73":0,"74":0,"75":0,"76":0,"77":0,"78":0,"79":0,"80":0,"81":0,"82":0,"83":0,"84":0,"85":0,"86":0,"87":0,"88":0,"89":0,"90":0,"91":0,"92":0,"93":0,"94":0,"95":0,"96":0,"97":0,"98":0,"99":0,"100":0,"101":0,"102":0,"103":0,"104":0,"105":0,"106":0,"107":0,"108":0,"109":0,"110":0,"111":0,"112":0,"113":0,"114":0,"115":0,"116":0,"117":0,"118":0,"119":0,"120":0,"121":0,"122":0,"123":0,"124":0,"125":0,"126":0,"127":0,"128":0,"129":0,"130":0,"131":0,"132":0,"133":0,"134":0,"135":0,"136":0,"137":0,"138":0,"139":0,"140":0,"141":0,"142":0,"143":0,"144":0,"145":0,"146":0,"147":0,"148":0,"149":0,"150":0,"151":0,"152":0,"153":0,"154":0,"155":0,"156":0,"157":0,"158":0,"159":0,"160":0,"161":0,"162":0,"163":0,"164":0,"165":0,"166":0,"167":0,"168":0,"169":0,"170":0,"171":0,"172":0,"173":0,"174":0,"175":0,"176":0,"177":0,"178":0,"179":0,"180":0,"181":0,"182":0,"183":0,"184":0,"185":0,"186":0,"187":0,"188":0,"189":0,"190":0,"191":0,"192":0,"193":0,"194":0,"195":0,"196":0,"197":0,"198":0,"199":0,"200":0,"201":0,"202":0,"203":0,"204":0,"205":0,"206":0},"f":{"0":0,"1":0,"2":0,"3":0,"4":0,"5":0,"6":0,"7":0,"8":0,"9":0,"10":0,"11":0,"12":0,"13":0,"14":0,"15":0,"16":0,"17":0,"18":0,"19":0,"20":0,"21":0,"22":0,"23":0,"24":0,"25":0,"26":0,"27":0},"b":{"0":[0,0],"1":[0,0],"2":[0,0],"3":[0,0],"4":[0,0],"5":[0,0],"6":[0,0],"7":[0,0],"8":[0,0],"9":[0,0],"10":[0,0],"11":[0,0],"12":[0,0],"13":[0,0],"14":[0,0],"15":[0,0],"16":[0,0],"17":[0,0],"18":[0,0],"19":[0,0],"20":[0,0],"21":[0,0],"22":[0,0]},"_coverageSchema":"1a1c01bbd47fc00a2c39e90264f33305004495a9","hash":"d82744179dfee478c15c82a3f0691e28277e638a"}
}
