TN:
SF:src/static/script.js
FN:16,(anonymous_0)
FN:95,connectSSE
FN:113,(anonymous_2)
FN:128,(anonymous_3)
FN:153,(anonymous_4)
FN:166,showLoadingIndicator
FN:180,hideLoadingIndicator
FN:189,requestNewRound
FN:204,(anonymous_8)
FN:214,(anonymous_9)
FN:229,handleNewRoundData
FN:253,handleServerError
FN:270,displayStatements
FN:277,(anonymous_13)
FN:281,(anonymous_14)
FN:330,triggerFlashFeedback
FN:343,(anonymous_16)
FN:349,(anonymous_17)
FN:363,showStatementFeedback
FN:389,handleStatementClick
FN:406,(anonymous_20)
FN:415,(anonymous_21)
FN:447,(anonymous_22)
FN:450,(anonymous_23)
FN:475,displayExplanations
FN:480,(anonymous_25)
FN:496,updateScoreboard
FN:506,(anonymous_27)
FNF:28
FNH:0
FNDA:0,(anonymous_0)
FNDA:0,connectSSE
FNDA:0,(anonymous_2)
FNDA:0,(anonymous_3)
FNDA:0,(anonymous_4)
FNDA:0,showLoadingIndicator
FNDA:0,hideLoadingIndicator
FNDA:0,requestNewRound
FNDA:0,(anonymous_8)
FNDA:0,(anonymous_9)
FNDA:0,handleNewRoundData
FNDA:0,handleServerError
FNDA:0,displayStatements
FNDA:0,(anonymous_13)
FNDA:0,(anonymous_14)
FNDA:0,triggerFlashFeedback
FNDA:0,(anonymous_16)
FNDA:0,(anonymous_17)
FNDA:0,showStatementFeedback
FNDA:0,handleStatementClick
FNDA:0,(anonymous_20)
FNDA:0,(anonymous_21)
FNDA:0,(anonymous_22)
FNDA:0,(anonymous_23)
FNDA:0,displayExplanations
FNDA:0,(anonymous_25)
FNDA:0,updateScoreboard
FNDA:0,(anonymous_27)
DA:16,1
DA:17,0
DA:21,0
DA:22,0
DA:23,0
DA:24,0
DA:25,0
DA:26,0
DA:27,0
DA:28,0
DA:29,0
DA:33,0
DA:34,0
DA:73,0
DA:75,0
DA:79,0
DA:80,0
DA:81,0
DA:82,0
DA:83,0
DA:84,0
DA:86,0
DA:96,0
DA:99,0
DA:100,0
DA:101,0
DA:105,0
DA:110,0
DA:113,0
DA:114,0
DA:118,0
DA:119,0
DA:120,0
DA:121,0
DA:122,0
DA:123,0
DA:124,0
DA:128,0
DA:129,0
DA:130,0
DA:132,0
DA:135,0
DA:137,0
DA:138,0
DA:140,0
DA:143,0
DA:147,0
DA:148,0
DA:153,0
DA:154,0
DA:155,0
DA:157,0
DA:158,0
DA:167,0
DA:168,0
DA:181,0
DA:190,0
DA:193,0
DA:194,0
DA:195,0
DA:196,0
DA:197,0
DA:200,0
DA:203,0
DA:206,0
DA:207,0
DA:208,0
DA:216,0
DA:217,0
DA:230,0
DA:233,0
DA:236,0
DA:237,0
DA:238,0
DA:239,0
DA:243,0
DA:244,0
DA:254,0
DA:257,0
DA:260,0
DA:262,0
DA:271,0
DA:274,0
DA:277,0
DA:278,0
DA:281,0
DA:283,0
DA:284,0
DA:285,0
DA:288,0
DA:289,0
DA:290,0
DA:291,0
DA:292,0
DA:295,0
DA:296,0
DA:297,0
DA:298,0
DA:299,0
DA:300,0
DA:301,0
DA:302,0
DA:303,0
DA:304,0
DA:305,0
DA:306,0
DA:307,0
DA:308,0
DA:309,0
DA:310,0
DA:311,0
DA:312,0
DA:313,0
DA:314,0
DA:317,0
DA:318,0
DA:319,0
DA:321,0
DA:332,0
DA:333,0
DA:334,0
DA:337,0
DA:340,0
DA:343,0
DA:344,0
DA:345,0
DA:349,0
DA:350,0
DA:351,0
DA:352,0
DA:365,0
DA:366,0
DA:369,0
DA:370,0
DA:373,0
DA:374,0
DA:376,0
DA:380,0
DA:390,0
DA:393,0
DA:394,0
DA:395,0
DA:399,0
DA:400,0
DA:401,0
DA:404,0
DA:405,0
DA:406,0
DA:408,0
DA:409,0
DA:410,0
DA:412,0
DA:415,0
DA:416,0
DA:417,0
DA:418,0
DA:419,0
DA:420,0
DA:423,0
DA:426,0
DA:427,0
DA:429,0
DA:430,0
DA:431,0
DA:432,0
DA:433,0
DA:436,0
DA:437,0
DA:438,0
DA:439,0
DA:440,0
DA:444,0
DA:447,0
DA:448,0
DA:449,0
DA:450,0
DA:451,0
DA:453,0
DA:459,0
DA:462,0
DA:463,0
DA:466,0
DA:467,0
DA:468,0
DA:476,0
DA:477,0
DA:480,0
DA:481,0
DA:482,0
DA:483,0
DA:486,0
DA:487,0
DA:488,0
DA:497,0
DA:498,0
DA:499,0
DA:500,0
DA:506,0
DA:507,0
DA:508,0
DA:512,0
DA:515,0
DA:518,0
LF:203
LH:1
BRDA:99,0,0,0
BRDA:99,0,1,0
BRDA:105,1,0,0
BRDA:105,1,1,0
BRDA:105,2,0,0
BRDA:105,2,1,0
BRDA:135,3,0,0
BRDA:135,3,1,0
BRDA:138,4,0,0
BRDA:138,4,1,0
BRDA:158,5,0,0
BRDA:158,5,1,0
BRDA:206,6,0,0
BRDA:206,6,1,0
BRDA:236,7,0,0
BRDA:236,7,1,0
BRDA:236,8,0,0
BRDA:236,8,1,0
BRDA:332,9,0,0
BRDA:332,9,1,0
BRDA:333,10,0,0
BRDA:333,10,1,0
BRDA:369,11,0,0
BRDA:369,11,1,0
BRDA:370,12,0,0
BRDA:370,12,1,0
BRDA:373,13,0,0
BRDA:373,13,1,0
BRDA:393,14,0,0
BRDA:393,14,1,0
BRDA:408,15,0,0
BRDA:408,15,1,0
BRDA:418,16,0,0
BRDA:418,16,1,0
BRDA:427,17,0,0
BRDA:427,17,1,0
BRDA:448,18,0,0
BRDA:448,18,1,0
BRDA:451,19,0,0
BRDA:451,19,1,0
BRDA:451,20,0,0
BRDA:451,20,1,0
BRDA:482,21,0,0
BRDA:482,21,1,0
BRDA:483,22,0,0
BRDA:483,22,1,0
BRF:46
BRH:0
end_of_record
